This is XeTeX, Version 3.14159265-2.6-0.999992 (TeX Live 2020) (preloaded format=xelatex 2020.7.7)  8 JUL 2020 00:34
entering extended mode
 restricted \write18 enabled.
 %&-line parsing enabled.
**yousif-LJC.tex
(./yousif-LJC.tex
LaTeX2e <2020-02-02> patch level 5
L3 programming layer <2020-06-18> (/usr/local/texlive/texmf-dist/tex/latex/base
/article.cls
Document Class: article 2019/12/20 v1.4l Standard LaTeX document class
(/usr/local/texlive/texmf-dist/tex/latex/base/size12.clo
File: size12.clo 2019/12/20 v1.4l Standard LaTeX file (size option)
)
\c@part=\count163
\c@section=\count164
\c@subsection=\count165
\c@subsubsection=\count166
\c@paragraph=\count167
\c@subparagraph=\count168
\c@figure=\count169
\c@table=\count170
\abovecaptionskip=\skip47
\belowcaptionskip=\skip48
\bibindent=\dimen134
) (/usr/local/texlive/texmf-dist/tex/latex/lm/lmodern.sty
Package: lmodern 2009/10/30 v1.6 Latin Modern Fonts
LaTeX Font Info:    Overwriting symbol font `operators' in version `normal'
(Font)                  OT1/cmr/m/n --> OT1/lmr/m/n on input line 22.
LaTeX Font Info:    Overwriting symbol font `letters' in version `normal'
(Font)                  OML/cmm/m/it --> OML/lmm/m/it on input line 23.
LaTeX Font Info:    Overwriting symbol font `symbols' in version `normal'
(Font)                  OMS/cmsy/m/n --> OMS/lmsy/m/n on input line 24.
LaTeX Font Info:    Overwriting symbol font `largesymbols' in version `normal'
(Font)                  OMX/cmex/m/n --> OMX/lmex/m/n on input line 25.
LaTeX Font Info:    Overwriting symbol font `operators' in version `bold'
(Font)                  OT1/cmr/bx/n --> OT1/lmr/bx/n on input line 26.
LaTeX Font Info:    Overwriting symbol font `letters' in version `bold'
(Font)                  OML/cmm/b/it --> OML/lmm/b/it on input line 27.
LaTeX Font Info:    Overwriting symbol font `symbols' in version `bold'
(Font)                  OMS/cmsy/b/n --> OMS/lmsy/b/n on input line 28.
LaTeX Font Info:    Overwriting symbol font `largesymbols' in version `bold'
(Font)                  OMX/cmex/m/n --> OMX/lmex/m/n on input line 29.
LaTeX Font Info:    Overwriting math alphabet `\mathbf' in version `normal'
(Font)                  OT1/cmr/bx/n --> OT1/lmr/bx/n on input line 31.
LaTeX Font Info:    Overwriting math alphabet `\mathsf' in version `normal'
(Font)                  OT1/cmss/m/n --> OT1/lmss/m/n on input line 32.
LaTeX Font Info:    Overwriting math alphabet `\mathit' in version `normal'
(Font)                  OT1/cmr/m/it --> OT1/lmr/m/it on input line 33.
LaTeX Font Info:    Overwriting math alphabet `\mathtt' in version `normal'
(Font)                  OT1/cmtt/m/n --> OT1/lmtt/m/n on input line 34.
LaTeX Font Info:    Overwriting math alphabet `\mathbf' in version `bold'
(Font)                  OT1/cmr/bx/n --> OT1/lmr/bx/n on input line 35.
LaTeX Font Info:    Overwriting math alphabet `\mathsf' in version `bold'
(Font)                  OT1/cmss/bx/n --> OT1/lmss/bx/n on input line 36.
LaTeX Font Info:    Overwriting math alphabet `\mathit' in version `bold'
(Font)                  OT1/cmr/bx/it --> OT1/lmr/bx/it on input line 37.
LaTeX Font Info:    Overwriting math alphabet `\mathtt' in version `bold'
(Font)                  OT1/cmtt/m/n --> OT1/lmtt/m/n on input line 38.
) (/usr/local/texlive/texmf-dist/tex/latex/amsfonts/amssymb.sty
Package: amssymb 2013/01/14 v3.01 AMS font symbols
(/usr/local/texlive/texmf-dist/tex/latex/amsfonts/amsfonts.sty
Package: amsfonts 2013/01/14 v3.01 Basic AMSFonts support
\@emptytoks=\toks15
\symAMSa=\mathgroup4
\symAMSb=\mathgroup5
LaTeX Font Info:    Redeclaring math symbol \hbar on input line 98.
LaTeX Font Info:    Overwriting math alphabet `\mathfrak' in version `bold'
(Font)                  U/euf/m/n --> U/euf/b/n on input line 106.
)) (/usr/local/texlive/texmf-dist/tex/latex/amsmath/amsmath.sty
Package: amsmath 2020/01/20 v2.17e AMS math features
\@mathmargin=\skip49
For additional information on amsmath, use the `?' option.
(/usr/local/texlive/texmf-dist/tex/latex/amsmath/amstext.sty
Package: amstext 2000/06/29 v2.01 AMS text
(/usr/local/texlive/texmf-dist/tex/latex/amsmath/amsgen.sty
File: amsgen.sty 1999/11/30 v2.0 generic functions
\@emptytoks=\toks16
\ex@=\dimen135
)) (/usr/local/texlive/texmf-dist/tex/latex/amsmath/amsbsy.sty
Package: amsbsy 1999/11/29 v1.2d Bold Symbols
\pmbraise@=\dimen136
) (/usr/local/texlive/texmf-dist/tex/latex/amsmath/amsopn.sty
Package: amsopn 2016/03/08 v2.02 operator names
)
\inf@bad=\count171
LaTeX Info: Redefining \frac on input line 227.
\uproot@=\count172
\leftroot@=\count173
LaTeX Info: Redefining \overline on input line 389.
\classnum@=\count174
\DOTSCASE@=\count175
LaTeX Info: Redefining \ldots on input line 486.
LaTeX Info: Redefining \dots on input line 489.
LaTeX Info: Redefining \cdots on input line 610.
\Mathstrutbox@=\box45
\strutbox@=\box46
\big@size=\dimen137
LaTeX Font Info:    Redeclaring font encoding OML on input line 733.
LaTeX Font Info:    Redeclaring font encoding OMS on input line 734.
\macc@depth=\count176
\c@MaxMatrixCols=\count177
\dotsspace@=\muskip16
\c@parentequation=\count178
\dspbrk@lvl=\count179
\tag@help=\toks17
\row@=\count180
\column@=\count181
\maxfields@=\count182
\andhelp@=\toks18
\eqnshift@=\dimen138
\alignsep@=\dimen139
\tagshift@=\dimen140
\tagwidth@=\dimen141
\totwidth@=\dimen142
\lineht@=\dimen143
\@envbody=\toks19
\multlinegap=\skip50
\multlinetaggap=\skip51
\mathdisplay@stack=\toks20
LaTeX Info: Redefining \[ on input line 2859.
LaTeX Info: Redefining \] on input line 2860.
) (/usr/local/texlive/texmf-dist/tex/generic/iftex/ifxetex.sty
Package: ifxetex 2019/10/25 v0.7 ifxetex legacy package. Use iftex instead.
(/usr/local/texlive/texmf-dist/tex/generic/iftex/iftex.sty
Package: iftex 2020/03/06 v1.0d TeX engine tests
)) (/usr/local/texlive/texmf-dist/tex/generic/iftex/ifluatex.sty
Package: ifluatex 2019/10/25 v1.5 ifluatex legacy package. Use iftex instead.
) (/usr/local/texlive/texmf-dist/tex/latex/unicode-math/unicode-math.sty (/usr/
local/texlive/texmf-dist/tex/latex/l3kernel/expl3.sty
Package: expl3 2020-06-18 L3 programming layer (loader) 
(/usr/local/texlive/texmf-dist/tex/latex/l3backend/l3backend-xdvipdfmx.def
File: l3backend-xdvipdfmx.def 2020-06-29 L3 backend support: xdvipdfmx
\g__graphics_track_int=\count183
\l__pdf_internal_box=\box47
\g__pdf_backend_object_int=\count184
\g__pdf_backend_annotation_int=\count185
))
Package: unicode-math 2020/01/31 v0.8q Unicode maths in XeLaTeX and LuaLaTeX
(/usr/local/texlive/texmf-dist/tex/latex/unicode-math/unicode-math-xetex.sty
Package: unicode-math-xetex 2020/01/31 v0.8q Unicode maths in XeLaTeX and LuaLa
TeX
(/usr/local/texlive/texmf-dist/tex/latex/l3packages/xparse/xparse.sty
Package: xparse 2020-05-15 L3 Experimental document command parser
(/usr/local/texlive/texmf-dist/tex/latex/l3packages/xparse/xparse-generic.tex
\l__xparse_current_arg_int=\count186
\g__xparse_grabber_int=\count187
\l__xparse_m_args_int=\count188
\l__xparse_v_nesting_int=\count189
)) (/usr/local/texlive/texmf-dist/tex/latex/l3packages/l3keys2e/l3keys2e.sty
Package: l3keys2e 2020-05-15 LaTeX2e option processing using LaTeX3 keys
) (/usr/local/texlive/texmf-dist/tex/latex/fontspec/fontspec.sty
Package: fontspec 2020/02/21 v2.7i Font selection for XeLaTeX and LuaLaTeX
(/usr/local/texlive/texmf-dist/tex/latex/fontspec/fontspec-xetex.sty
Package: fontspec-xetex 2020/02/21 v2.7i Font selection for XeLaTeX and LuaLaTe
X
\l__fontspec_script_int=\count190
\l__fontspec_language_int=\count191
\l__fontspec_strnum_int=\count192
\l__fontspec_tmp_int=\count193
\l__fontspec_tmpa_int=\count194
\l__fontspec_tmpb_int=\count195
\l__fontspec_tmpc_int=\count196
\l__fontspec_em_int=\count197
\l__fontspec_emdef_int=\count198
\l__fontspec_strong_int=\count199
\l__fontspec_strongdef_int=\count266
\l__fontspec_tmpa_dim=\dimen144
\l__fontspec_tmpb_dim=\dimen145
\l__fontspec_tmpc_dim=\dimen146
(/usr/local/texlive/texmf-dist/tex/latex/base/fontenc.sty
Package: fontenc 2020/02/11 v2.0o Standard LaTeX package
) (/usr/local/texlive/texmf-dist/tex/latex/fontspec/fontspec.cfg))) (/usr/local
/texlive/texmf-dist/tex/latex/base/fix-cm.sty
Package: fix-cm 2015/01/14 v1.1t fixes to LaTeX
(/usr/local/texlive/texmf-dist/tex/latex/base/ts1enc.def
File: ts1enc.def 2001/06/05 v3.0e (jk/car/fm) Standard LaTeX file
LaTeX Font Info:    Redeclaring font encoding TS1 on input line 47.
))
\g__um_fam_int=\count267
\g__um_fonts_used_int=\count268
\l__um_primecount_int=\count269
\g__um_primekern_muskip=\muskip17
(/usr/local/texlive/texmf-dist/tex/latex/unicode-math/unicode-math-table.tex)))
(/usr/local/texlive/texmf-dist/tex/latex/parskip/parskip.sty
Package: parskip 2020-06-15 v2.0f non-zero parskip adjustments
(/usr/local/texlive/texmf-dist/tex/latex/kvoptions/kvoptions.sty
Package: kvoptions 2019/11/29 v3.13 Key value format for package options (HO)
(/usr/local/texlive/texmf-dist/tex/latex/graphics/keyval.sty
Package: keyval 2014/10/28 v1.15 key=value parser (DPC)
\KV@toks@=\toks21
) (/usr/local/texlive/texmf-dist/tex/generic/ltxcmds/ltxcmds.sty
Package: ltxcmds 2019/12/15 v1.24 LaTeX kernel commands for general use (HO)
) (/usr/local/texlive/texmf-dist/tex/generic/kvsetkeys/kvsetkeys.sty
Package: kvsetkeys 2019/12/15 v1.18 Key value parser (HO)
)) (/usr/local/texlive/texmf-dist/tex/latex/etoolbox/etoolbox.sty
Package: etoolbox 2019/09/21 v2.5h e-TeX tools for LaTeX (JAW)
\etb@tempcnta=\count270
)) (/usr/local/texlive/texmf-dist/tex/latex/xcolor/xcolor.sty
Package: xcolor 2016/05/11 v2.12 LaTeX color extensions (UK)
(/usr/local/texlive/texmf-dist/tex/latex/graphics-cfg/color.cfg
File: color.cfg 2016/01/02 v1.6 sample color configuration
)
Package xcolor Info: Driver file: xetex.def on input line 225.
(/usr/local/texlive/texmf-dist/tex/latex/graphics-def/xetex.def
File: xetex.def 2017/06/24 v5.0h Graphics/color driver for xetex
)
Package xcolor Info: Model `cmy' substituted by `cmy0' on input line 1348.
Package xcolor Info: Model `RGB' extended on input line 1364.
Package xcolor Info: Model `HTML' substituted by `rgb' on input line 1366.
Package xcolor Info: Model `Hsb' substituted by `hsb' on input line 1367.
Package xcolor Info: Model `tHsb' substituted by `hsb' on input line 1368.
Package xcolor Info: Model `HSB' substituted by `hsb' on input line 1369.
Package xcolor Info: Model `Gray' substituted by `gray' on input line 1370.
Package xcolor Info: Model `wave' substituted by `hsb' on input line 1371.
) (/usr/local/texlive/texmf-dist/tex/latex/hyperref/hyperref.sty
Package: hyperref 2020-05-15 v7.00e Hypertext links for LaTeX
(/usr/local/texlive/texmf-dist/tex/generic/pdftexcmds/pdftexcmds.sty
Package: pdftexcmds 2020-06-27 v0.33 Utility functions of pdfTeX for LuaTeX (HO
)
(/usr/local/texlive/texmf-dist/tex/generic/infwarerr/infwarerr.sty
Package: infwarerr 2019/12/03 v1.5 Providing info/warning/error messages (HO)
)
Package pdftexcmds Info: \pdf@primitive is available.
Package pdftexcmds Info: \pdf@ifprimitive is available.
Package pdftexcmds Info: \pdfdraftmode not found.
) (/usr/local/texlive/texmf-dist/tex/generic/kvdefinekeys/kvdefinekeys.sty
Package: kvdefinekeys 2019-12-19 v1.6 Define keys (HO)
) (/usr/local/texlive/texmf-dist/tex/generic/pdfescape/pdfescape.sty
Package: pdfescape 2019/12/09 v1.15 Implements pdfTeX's escape features (HO)
) (/usr/local/texlive/texmf-dist/tex/latex/hycolor/hycolor.sty
Package: hycolor 2020-01-27 v1.10 Color options for hyperref/bookmark (HO)
) (/usr/local/texlive/texmf-dist/tex/latex/letltxmacro/letltxmacro.sty
Package: letltxmacro 2019/12/03 v1.6 Let assignment for LaTeX macros (HO)
) (/usr/local/texlive/texmf-dist/tex/latex/auxhook/auxhook.sty
Package: auxhook 2019-12-17 v1.6 Hooks for auxiliary files (HO)
)
\@linkdim=\dimen147
\Hy@linkcounter=\count271
\Hy@pagecounter=\count272
(/usr/local/texlive/texmf-dist/tex/latex/hyperref/pd1enc.def
File: pd1enc.def 2020-05-15 v7.00e Hyperref: PDFDocEncoding definition (HO)
) (/usr/local/texlive/texmf-dist/tex/generic/intcalc/intcalc.sty
Package: intcalc 2019/12/15 v1.3 Expandable calculations with integers (HO)
) (/usr/local/texlive/texmf-dist/tex/generic/etexcmds/etexcmds.sty
Package: etexcmds 2019/12/15 v1.7 Avoid name clashes with e-TeX commands (HO)
)
\Hy@SavedSpaceFactor=\count273
Package hyperref Info: Option `unicode' set `true' on input line 4338.
(/usr/local/texlive/texmf-dist/tex/latex/hyperref/puenc.def
File: puenc.def 2020-05-15 v7.00e Hyperref: PDF Unicode definition (HO)
)
Package hyperref Info: Hyper figures OFF on input line 4464.
Package hyperref Info: Link nesting OFF on input line 4469.
Package hyperref Info: Hyper index ON on input line 4472.
Package hyperref Info: Plain pages OFF on input line 4479.
Package hyperref Info: Backreferencing OFF on input line 4484.
Package hyperref Info: Implicit mode ON; LaTeX internals redefined.
Package hyperref Info: Bookmarks ON on input line 4717.
\c@Hy@tempcnt=\count274
(/usr/local/texlive/texmf-dist/tex/latex/url/url.sty
\Urlmuskip=\muskip18
Package: url 2013/09/16  ver 3.4  Verb mode for urls, etc.
)
LaTeX Info: Redefining \url on input line 5076.
\XeTeXLinkMargin=\dimen148
(/usr/local/texlive/texmf-dist/tex/generic/bitset/bitset.sty
Package: bitset 2019/12/09 v1.3 Handle bit-vector datatype (HO)
(/usr/local/texlive/texmf-dist/tex/generic/bigintcalc/bigintcalc.sty
Package: bigintcalc 2019/12/15 v1.5 Expandable calculations on big integers (HO
)
))
\Fld@menulength=\count275
\Field@Width=\dimen149
\Fld@charsize=\dimen150
Package hyperref Info: Hyper figures OFF on input line 6347.
Package hyperref Info: Link nesting OFF on input line 6352.
Package hyperref Info: Hyper index ON on input line 6355.
Package hyperref Info: backreferencing OFF on input line 6362.
Package hyperref Info: Link coloring OFF on input line 6367.
Package hyperref Info: Link coloring with OCG OFF on input line 6372.
Package hyperref Info: PDF/A mode OFF on input line 6377.
LaTeX Info: Redefining \ref on input line 6417.
LaTeX Info: Redefining \pageref on input line 6421.
(/usr/local/texlive/texmf-dist/tex/generic/atbegshi/atbegshi.sty
Package: atbegshi 2019/12/05 v1.19 At begin shipout hook (HO)
)
\Hy@abspage=\count276
\c@Item=\count277
\c@Hfootnote=\count278
)
Package hyperref Info: Driver (autodetected): hxetex.
(/usr/local/texlive/texmf-dist/tex/latex/hyperref/hxetex.def
File: hxetex.def 2020-05-15 v7.00e Hyperref driver for XeTeX
(/usr/local/texlive/texmf-dist/tex/generic/stringenc/stringenc.sty
Package: stringenc 2019/11/29 v1.12 Convert strings between diff. encodings (HO
)
)
\pdfm@box=\box48
\c@Hy@AnnotLevel=\count279
\HyField@AnnotCount=\count280
\Fld@listcount=\count281
\c@bookmark@seq@number=\count282
(/usr/local/texlive/texmf-dist/tex/latex/rerunfilecheck/rerunfilecheck.sty
Package: rerunfilecheck 2019/12/05 v1.9 Rerun checks for auxiliary files (HO)
(/usr/local/texlive/texmf-dist/tex/latex/atveryend/atveryend.sty
Package: atveryend 2019-12-11 v1.11 Hooks at the very end of document (HO)
) (/usr/local/texlive/texmf-dist/tex/generic/uniquecounter/uniquecounter.sty
Package: uniquecounter 2019/12/15 v1.4 Provide unlimited unique counter (HO)
)
Package uniquecounter Info: New unique counter `rerunfilecheck' on input line 2
86.
)
\Hy@SectionHShift=\skip52
) (/usr/local/texlive/texmf-dist/tex/latex/tools/longtable.sty
Package: longtable 2020/01/07 v4.13 Multi-page Table package (DPC)
\LTleft=\skip53
\LTright=\skip54
\LTpre=\skip55
\LTpost=\skip56
\LTchunksize=\count283
\LTcapwidth=\dimen151
\LT@head=\box49
\LT@firsthead=\box50
\LT@foot=\box51
\LT@lastfoot=\box52
\LT@cols=\count284
\LT@rows=\count285
\c@LT@tables=\count286
\c@LT@chunks=\count287
\LT@p@ftn=\toks22
) (/usr/local/texlive/texmf-dist/tex/latex/booktabs/booktabs.sty
Package: booktabs 2020/01/12 v1.61803398 Publication quality tables
\heavyrulewidth=\dimen152
\lightrulewidth=\dimen153
\cmidrulewidth=\dimen154
\belowrulesep=\dimen155
\belowbottomsep=\dimen156
\aboverulesep=\dimen157
\abovetopsep=\dimen158
\cmidrulesep=\dimen159
\cmidrulekern=\dimen160
\defaultaddspace=\dimen161
\@cmidla=\count288
\@cmidlb=\count289
\@aboverulesep=\dimen162
\@belowrulesep=\dimen163
\@thisruleclass=\count290
\@lastruleclass=\count291
\@thisrulewidth=\dimen164
) (/usr/local/texlive/texmf-dist/tex/latex/mdwtools/footnote.sty
Package: footnote 1997/01/28 1.13 Save footnotes around boxes
\fn@notes=\box53
\fn@width=\dimen165
) (/usr/local/texlive/texmf-dist/tex/latex/graphics/graphicx.sty
Package: graphicx 2019/11/30 v1.2a Enhanced LaTeX Graphics (DPC,SPQR)
(/usr/local/texlive/texmf-dist/tex/latex/graphics/graphics.sty
Package: graphics 2019/11/30 v1.4a Standard LaTeX Graphics (DPC,SPQR)
(/usr/local/texlive/texmf-dist/tex/latex/graphics/trig.sty
Package: trig 2016/01/03 v1.10 sin cos tan (DPC)
) (/usr/local/texlive/texmf-dist/tex/latex/graphics-cfg/graphics.cfg
File: graphics.cfg 2016/06/04 v1.11 sample graphics configuration
)
Package graphics Info: Driver file: xetex.def on input line 105.
)
\Gin@req@height=\dimen166
\Gin@req@width=\dimen167
) (/usr/local/texlive/texmf-dist/tex/latex/grffile/grffile.sty
Package: grffile 2019/11/11 v2.1 Extended file name support for graphics (legac
y)
Package grffile Info: This package is an empty stub for compatibility on input 
line 40.
) (/usr/local/texlive/texmf-dist/tex/latex/pdflscape/pdflscape.sty
Package: pdflscape 2019/12/05 v0.12 Display of landscape pages in PDF (HO)
(/usr/local/texlive/texmf-dist/tex/latex/graphics/lscape.sty
Package: lscape 2000/10/22 v3.01 Landscape Pages (DPC)
)
Package pdflscape Info: Auto-detected driver: dvipdfm (xetex) on input line 98.

) (/usr/local/texlive/texmf-dist/tex/latex/makecell/makecell.sty
Package: makecell 2009/08/03 V0.1e Managing of Tab Column Heads and Cells
(/usr/local/texlive/texmf-dist/tex/latex/tools/array.sty
Package: array 2019/08/31 v2.4l Tabular extension package (FMi)
\col@sep=\dimen168
\ar@mcellbox=\box54
\extrarowheight=\dimen169
\NC@list=\toks23
\extratabsurround=\skip57
\backup@length=\skip58
\ar@cellbox=\box55
)
\rotheadsize=\dimen170
\c@nlinenum=\count292
\TeXr@lab=\toks24
) (/usr/local/texlive/texmf-dist/tex/latex/multirow/multirow.sty
Package: multirow 2019/05/31 v2.5 Span multiple rows of a table
\multirow@colwidth=\skip59
\multirow@cntb=\count293
\multirow@dima=\skip60
\bigstrutjot=\dimen171
) (/usr/local/texlive/texmf-dist/tex/latex/wrapfig/wrapfig.sty
\wrapoverhang=\dimen172
\WF@size=\dimen173
\c@WF@wrappedlines=\count294
\WF@box=\box56
\WF@everypar=\toks25
Package: wrapfig 2003/01/31  v 3.6
) (/usr/local/texlive/texmf-dist/tex/latex/float/float.sty
Package: float 2001/11/08 v1.3d Float enhancements (AL)
\c@float@type=\count295
\float@exts=\toks26
\float@box=\box57
\@float@everytoks=\toks27
\@floatcapt=\box58
) (/usr/local/texlive/texmf-dist/tex/latex/colortbl/colortbl.sty
Package: colortbl 2020/01/04 v1.0e Color table columns (DPC)
\everycr=\toks28
\minrowclearance=\skip61
) (/usr/local/texlive/texmf-dist/tex/latex/tabu/tabu.sty
Package: tabu 2019/01/11 v2.9 - flexible LaTeX tabulars (FC+tabu-fixed)
(/usr/local/texlive/texmf-dist/tex/latex/varwidth/varwidth.sty
Package: varwidth 2009/03/30 ver 0.92;  Variable-width minipages
\@vwid@box=\box59
\sift@deathcycles=\count296
\@vwid@loff=\dimen174
\@vwid@roff=\dimen175
)
\c@taburow=\count297
\tabu@nbcols=\count298
\tabu@cnt=\count299
\tabu@Xcol=\count300
\tabu@alloc=\count301
\tabu@nested=\count302
\tabu@target=\dimen176
\tabu@spreadtarget=\dimen177
\tabu@naturalX=\dimen178
\tabucolX=\dimen179
\tabu@Xsum=\dimen180
\extrarowdepth=\dimen181
\abovetabulinesep=\dimen182
\belowtabulinesep=\dimen183
\tabustrutrule=\dimen184
\tabu@thebody=\toks29
\tabu@footnotes=\toks30
\tabu@box=\box60
\tabu@arstrutbox=\box61
\tabu@hleads=\box62
\tabu@vleads=\box63
\tabu@cellskip=\skip62
) (/usr/local/texlive/texmf-dist/tex/latex/threeparttable/threeparttable.sty
Package: threeparttable 2003/06/13  v 3.0
\@tempboxb=\box64
) (/usr/local/texlive/texmf-dist/tex/latex/threeparttablex/threeparttablex.sty
Package: threeparttablex 2013/07/23 v0.3 by daleif
(/usr/local/texlive/texmf-dist/tex/latex/environ/environ.sty
Package: environ 2014/05/04 v0.3 A new way to define environments
(/usr/local/texlive/texmf-dist/tex/latex/trimspaces/trimspaces.sty
Package: trimspaces 2009/09/17 v1.1 Trim spaces around a token list
))
\TPTL@width=\skip63
) (/usr/local/texlive/texmf-dist/tex/generic/ulem/ulem.sty
\UL@box=\box65
\UL@hyphenbox=\box66
\UL@skip=\skip64
\UL@hook=\toks31
\UL@height=\dimen185
\UL@pe=\count303
\UL@pixel=\dimen186
\ULC@box=\box67
Package: ulem 2019/11/18
\ULdepth=\dimen187
) (/usr/local/texlive/texmf-dist/tex/latex/biblatex/biblatex.sty
Package: biblatex 2019/12/01 v3.14 programmable bibliographies (PK/MW)
(/usr/local/texlive/texmf-dist/tex/latex/logreq/logreq.sty
Package: logreq 2010/08/04 v1.0 xml request logger
\lrq@indent=\count304
(/usr/local/texlive/texmf-dist/tex/latex/logreq/logreq.def
File: logreq.def 2010/08/04 v1.0 logreq spec v1.0
)) (/usr/local/texlive/texmf-dist/tex/latex/base/ifthen.sty
Package: ifthen 2014/09/29 v1.1c Standard LaTeX ifthen package (DPC)
)
\c@tabx@nest=\count305
\c@listtotal=\count306
\c@listcount=\count307
\c@liststart=\count308
\c@liststop=\count309
\c@citecount=\count310
\c@citetotal=\count311
\c@multicitecount=\count312
\c@multicitetotal=\count313
\c@instcount=\count314
\c@maxnames=\count315
\c@minnames=\count316
\c@maxitems=\count317
\c@minitems=\count318
\c@citecounter=\count319
\c@maxcitecounter=\count320
\c@savedcitecounter=\count321
\c@uniquelist=\count322
\c@uniquename=\count323
\c@refsection=\count324
\c@refsegment=\count325
\c@maxextratitle=\count326
\c@maxextratitleyear=\count327
\c@maxextraname=\count328
\c@maxextradate=\count329
\c@maxextraalpha=\count330
\c@abbrvpenalty=\count331
\c@highnamepenalty=\count332
\c@lownamepenalty=\count333
\c@maxparens=\count334
\c@parenlevel=\count335
\blx@tempcnta=\count336
\blx@tempcntb=\count337
\blx@tempcntc=\count338
\blx@maxsection=\count339
\blx@maxsegment@0=\count340
\blx@notetype=\count341
\blx@parenlevel@text=\count342
\blx@parenlevel@foot=\count343
\blx@sectionciteorder@0=\count344
\blx@entrysetcounter=\count345
\labelnumberwidth=\skip65
\labelalphawidth=\skip66
\biblabelsep=\skip67
\bibitemsep=\skip68
\bibnamesep=\skip69
\bibinitsep=\skip70
\bibparsep=\skip71
\bibhang=\skip72
\blx@bcfin=\read2
\blx@bcfout=\write3
\blx@langwohyphens=\language3
\c@mincomprange=\count346
\c@maxcomprange=\count347
\c@mincompwidth=\count348
Package biblatex Info: Trying to load biblatex default data model...
Package biblatex Info: ... file 'blx-dm.def' found.
(/usr/local/texlive/texmf-dist/tex/latex/biblatex/blx-dm.def
File: blx-dm.def 2019/12/01 v3.14 biblatex localization (PK/MW)
)
Package biblatex Info: Trying to load biblatex style data model...
Package biblatex Info: ... file 'apa.dbx' found.
(/usr/local/texlive/texmf-dist/tex/latex/biblatex-apa/apa.dbx
File: apa.dbx 2020/05/30 v9.13 APA biblatex style data model
)
Package biblatex Info: Trying to load biblatex custom data model...
Package biblatex Info: ... file 'biblatex-dm.cfg' not found.
\c@afterword=\count349
\c@savedafterword=\count350
\c@annotator=\count351
\c@savedannotator=\count352
\c@author=\count353
\c@savedauthor=\count354
\c@bookauthor=\count355
\c@savedbookauthor=\count356
\c@commentator=\count357
\c@savedcommentator=\count358
\c@editor=\count359
\c@savededitor=\count360
\c@editora=\count361
\c@savededitora=\count362
\c@editorb=\count363
\c@savededitorb=\count364
\c@editorc=\count365
\c@savededitorc=\count366
\c@foreword=\count367
\c@savedforeword=\count368
\c@holder=\count369
\c@savedholder=\count370
\c@introduction=\count371
\c@savedintroduction=\count372
\c@namea=\count373
\c@savednamea=\count374
\c@nameb=\count375
\c@savednameb=\count376
\c@namec=\count377
\c@savednamec=\count378
\c@translator=\count379
\c@savedtranslator=\count380
\c@shortauthor=\count381
\c@savedshortauthor=\count382
\c@shorteditor=\count383
\c@savedshorteditor=\count384
\c@groupauthor=\count385
\c@savedgroupauthor=\count386
\c@narrator=\count387
\c@savednarrator=\count388
\c@execproducer=\count389
\c@savedexecproducer=\count390
\c@execdirector=\count391
\c@savedexecdirector=\count392
\c@with=\count393
\c@savedwith=\count394
\c@labelname=\count395
\c@savedlabelname=\count396
\c@institution=\count397
\c@savedinstitution=\count398
\c@lista=\count399
\c@savedlista=\count400
\c@listb=\count401
\c@savedlistb=\count402
\c@listc=\count403
\c@savedlistc=\count404
\c@listd=\count405
\c@savedlistd=\count406
\c@liste=\count407
\c@savedliste=\count408
\c@listf=\count409
\c@savedlistf=\count410
\c@location=\count411
\c@savedlocation=\count412
\c@organization=\count413
\c@savedorganization=\count414
\c@origlocation=\count415
\c@savedoriglocation=\count416
\c@origpublisher=\count417
\c@savedorigpublisher=\count418
\c@publisher=\count419
\c@savedpublisher=\count420
\c@language=\count421
\c@savedlanguage=\count422
\c@origlanguage=\count423
\c@savedoriglanguage=\count424
\c@citation=\count425
\c@savedcitation=\count426
\c@pageref=\count427
\c@savedpageref=\count428
\shorthandwidth=\skip73
\shortjournalwidth=\skip74
\shortserieswidth=\skip75
\shorttitlewidth=\skip76
\shortauthorwidth=\skip77
\shorteditorwidth=\skip78
\locallabelnumberwidth=\skip79
\locallabelalphawidth=\skip80
\localshorthandwidth=\skip81
\localshortjournalwidth=\skip82
\localshortserieswidth=\skip83
\localshorttitlewidth=\skip84
\localshortauthorwidth=\skip85
\localshorteditorwidth=\skip86
Package biblatex Info: Trying to load enhanced support for Unicode engines...
Package biblatex Info: ... file 'blx-unicode.def' found.
(/usr/local/texlive/texmf-dist/tex/latex/biblatex/blx-unicode.def)
Package biblatex Info: Trying to load compatibility code...
Package biblatex Info: ... file 'blx-compat.def' found.
(/usr/local/texlive/texmf-dist/tex/latex/biblatex/blx-compat.def
File: blx-compat.def 2019/12/01 v3.14 biblatex compatibility (PK/MW)
)
Package biblatex Info: Trying to load generic definitions...
Package biblatex Info: ... file 'biblatex.def' found.
(/usr/local/texlive/texmf-dist/tex/latex/biblatex/biblatex.def
File: biblatex.def 2019/12/01 v3.14 biblatex compatibility (PK/MW)
\c@textcitecount=\count429
\c@textcitetotal=\count430
\c@textcitemaxnames=\count431
\c@biburlbigbreakpenalty=\count432
\c@biburlbreakpenalty=\count433
\c@biburlnumpenalty=\count434
\c@biburlucpenalty=\count435
\c@biburllcpenalty=\count436
\biburlbigskip=\muskip19
\biburlnumskip=\muskip20
\biburlucskip=\muskip21
\biburllcskip=\muskip22
\c@smartand=\count437
)
Package biblatex Info: Trying to load bibliography style 'apa'...
Package biblatex Info: ... file 'apa.bbx' found.
(/usr/local/texlive/texmf-dist/tex/latex/biblatex-apa/apa.bbx
File: apa.bbx 2020/05/30 v9.13 APA biblatex references style
Package biblatex Info: Trying to load bibliography style 'standard'...
Package biblatex Info: ... file 'standard.bbx' found.
(/usr/local/texlive/texmf-dist/tex/latex/biblatex/bbx/standard.bbx
File: standard.bbx 2019/12/01 v3.14 biblatex bibliography style (PK/MW)
\c@bbx:relatedcount=\count438
\c@bbx:relatedtotal=\count439
))
Package biblatex Info: Trying to load citation style 'apa'...
Package biblatex Info: ... file 'apa.cbx' found.
(/usr/local/texlive/texmf-dist/tex/latex/biblatex-apa/apa.cbx
File: apa.cbx 2020/05/30 v9.13 APA biblatex citation style
Package biblatex Info: Delimiter 'nameyeardelim' in context '' already defined,
 overwriting.
Package biblatex Info: Delimiter 'nameyeardelim' in context 'textcite' already 
defined, overwriting.
Package biblatex Info: Delimiter 'andothersdelim' in context '' already defined
, overwriting.
Package biblatex Info: Redefining '\fullcite'.
Package biblatex Info: Redefining '\citeauthor'.
Package biblatex Info: Redefining '\citeyear'.
Package biblatex Info: Redefining '\cite'.
Package biblatex Info: Redefining '\cites'.
Package biblatex Info: Redefining '\parencite'.
Package biblatex Info: Redefining '\parencites'.
Package biblatex Info: Redefining '\footcite'.
Package biblatex Info: Redefining '\footcites'.
Package biblatex Info: Redefining '\footcitetext'.
Package biblatex Info: Redefining '\footcitetexts'.
Package biblatex Info: Redefining '\smartcite'.
Package biblatex Info: Redefining '\smartcites'.
Package biblatex Info: Redefining '\textcite'.
Package biblatex Info: Redefining '\textcites'.
)
Package biblatex Info: Trying to load configuration file...
Package biblatex Info: ... file 'biblatex.cfg' found.
(/usr/local/texlive/texmf-dist/tex/latex/biblatex/biblatex.cfg
File: biblatex.cfg 
))
\@quotelevel=\count440
\@quotereset=\count441
(./yousif-LJC.aux)
\openout1 = `yousif-LJC.aux'.

LaTeX Font Info:    Checking defaults for OML/cmm/m/it on input line 96.
LaTeX Font Info:    ... okay on input line 96.
LaTeX Font Info:    Checking defaults for OMS/cmsy/m/n on input line 96.
LaTeX Font Info:    ... okay on input line 96.
LaTeX Font Info:    Checking defaults for OT1/cmr/m/n on input line 96.
LaTeX Font Info:    ... okay on input line 96.
LaTeX Font Info:    Checking defaults for T1/cmr/m/n on input line 96.
LaTeX Font Info:    ... okay on input line 96.
LaTeX Font Info:    Checking defaults for TS1/cmr/m/n on input line 96.
LaTeX Font Info:    ... okay on input line 96.
LaTeX Font Info:    Checking defaults for TU/lmr/m/n on input line 96.
LaTeX Font Info:    ... okay on input line 96.
LaTeX Font Info:    Checking defaults for OMX/cmex/m/n on input line 96.
LaTeX Font Info:    ... okay on input line 96.
LaTeX Font Info:    Checking defaults for U/cmr/m/n on input line 96.
LaTeX Font Info:    ... okay on input line 96.
LaTeX Font Info:    Checking defaults for PD1/pdf/m/n on input line 96.
LaTeX Font Info:    ... okay on input line 96.
LaTeX Font Info:    Checking defaults for PU/pdf/m/n on input line 96.
LaTeX Font Info:    ... okay on input line 96.
LaTeX Font Info:    Overwriting math alphabet `\mathrm' in version `normal'
(Font)                  OT1/lmr/m/n --> TU/lmr/m/n on input line 96.
LaTeX Font Info:    Overwriting math alphabet `\mathit' in version `normal'
(Font)                  OT1/lmr/m/it --> TU/lmr/m/it on input line 96.
LaTeX Font Info:    Overwriting math alphabet `\mathbf' in version `normal'
(Font)                  OT1/lmr/bx/n --> TU/lmr/bx/n on input line 96.
LaTeX Font Info:    Overwriting math alphabet `\mathsf' in version `normal'
(Font)                  OT1/lmss/m/n --> TU/lmss/m/n on input line 96.
LaTeX Font Info:    Overwriting math alphabet `\mathsf' in version `bold'
(Font)                  OT1/lmss/bx/n --> TU/lmss/bx/n on input line 96.
LaTeX Font Info:    Overwriting math alphabet `\mathtt' in version `normal'
(Font)                  OT1/lmtt/m/n --> TU/lmtt/m/n on input line 96.
LaTeX Font Info:    Overwriting math alphabet `\mathtt' in version `bold'
(Font)                  OT1/lmtt/m/n --> TU/lmtt/bx/n on input line 96.

Package fontspec Info: latinmodern-math scale = 0.9999970497384594.


Package fontspec Info: latinmodern-math scale = 0.9999970497384594.


Package fontspec Info: latinmodern-math scale = 0.9999970497384594.


Package fontspec Info: Font family 'latinmodern-math.otf(0)' created for font
(fontspec)             'latinmodern-math.otf' with options
(fontspec)             [Scale=MatchLowercase,BoldItalicFont={},ItalicFont={},Sm
allCapsFont={},Script=Math,BoldFont={latinmodern-math.otf}].
(fontspec)              
(fontspec)              This font family consists of the following NFSS
(fontspec)             series/shapes:
(fontspec)              
(fontspec)             - 'normal' (m/n) with NFSS spec.:
(fontspec)             <->s*[0.9999970497384594]"[latinmodern-math.otf]/OT:scri
pt=math;language=dflt;"
(fontspec)             - 'small caps'  (m/sc) with NFSS spec.: 
(fontspec)             - 'bold' (b/n) with NFSS spec.:
(fontspec)             <->s*[0.9999970497384594]"[latinmodern-math.otf]/OT:scri
pt=math;language=dflt;"
(fontspec)             - 'bold small caps'  (b/sc) with NFSS spec.: 

LaTeX Font Info:    Font shape `TU/latinmodern-math.otf(0)/m/n' will be
(Font)              scaled to size 12.0pt on input line 96.

Package fontspec Info: latinmodern-math scale = 0.9999970497384594.


Package fontspec Info: latinmodern-math scale = 0.9999970497384594.


Package fontspec Info: latinmodern-math scale = 0.9999970497384594.


Package fontspec Info: latinmodern-math scale = 0.9999970497384594.


Package fontspec Info: latinmodern-math scale = 0.9999970497384594.


Package fontspec Info: Font family 'latinmodern-math.otf(1)' created for font
(fontspec)             'latinmodern-math.otf' with options
(fontspec)             [Scale=MatchLowercase,BoldItalicFont={},ItalicFont={},Sm
allCapsFont={},Script=Math,SizeFeatures={{Size=10.2-},{Size=7.2-10.2,Font=latin
modern-math.otf,Style=MathScript},{Size=-7.2,Font=latinmodern-math.otf,Style=Ma
thScriptScript}},BoldFont={latinmodern-math.otf}].
(fontspec)              
(fontspec)              This font family consists of the following NFSS
(fontspec)             series/shapes:
(fontspec)              
(fontspec)             - 'normal' (m/n) with NFSS spec.:
(fontspec)             <10.2->s*[0.9999970497384594]"[latinmodern-math.otf]/OT:
script=math;language=dflt;"<7.2-10.2>s*[0.9999970497384594]"[latinmodern-math.o
tf]/OT:script=math;language=dflt;+ssty=0;"<-7.2>s*[0.9999970497384594]"[latinmo
dern-math.otf]/OT:script=math;language=dflt;+ssty=1;"
(fontspec)             - 'small caps'  (m/sc) with NFSS spec.: 
(fontspec)             - 'bold' (b/n) with NFSS spec.:
(fontspec)             <->s*[0.9999970497384594]"[latinmodern-math.otf]/OT:scri
pt=math;language=dflt;"
(fontspec)             - 'bold small caps'  (b/sc) with NFSS spec.: 

LaTeX Font Info:    Font shape `TU/latinmodern-math.otf(1)/m/n' will be
(Font)              scaled to size 12.0pt on input line 96.
LaTeX Font Info:    Encoding `OT1' has changed to `TU' for symbol font
(Font)              `operators' in the math version `normal' on input line 96.
LaTeX Font Info:    Overwriting symbol font `operators' in version `normal'
(Font)                  OT1/lmr/m/n --> TU/latinmodern-math.otf(1)/m/n on input
 line 96.
LaTeX Font Info:    Encoding `OT1' has changed to `TU' for symbol font
(Font)              `operators' in the math version `bold' on input line 96.
LaTeX Font Info:    Overwriting symbol font `operators' in version `bold'
(Font)                  OT1/lmr/bx/n --> TU/latinmodern-math.otf(1)/b/n on inpu
t line 96.

Package fontspec Info: latinmodern-math scale = 0.9999970497384594.


Package fontspec Info: latinmodern-math scale = 1.000097049443433.


Package fontspec Info: latinmodern-math scale = 0.9999970497384594.


Package fontspec Info: latinmodern-math scale = 1.000097049443433.


Package fontspec Info: latinmodern-math scale = 0.9999970497384594.


Package fontspec Info: latinmodern-math scale = 1.000097049443433.


Package fontspec Info: latinmodern-math scale = 0.9999970497384594.


Package fontspec Info: latinmodern-math scale = 1.000097049443433.


Package fontspec Info: latinmodern-math scale = 0.9999970497384594.


Package fontspec Info: latinmodern-math scale = 1.000097049443433.


Package fontspec Info: Font family 'latinmodern-math.otf(2)' created for font
(fontspec)             'latinmodern-math.otf' with options
(fontspec)             [Scale=MatchLowercase,BoldItalicFont={},ItalicFont={},Sm
allCapsFont={},Script=Math,SizeFeatures={{Size=10.2-},{Size=7.2-10.2,Font=latin
modern-math.otf,Style=MathScript},{Size=-7.2,Font=latinmodern-math.otf,Style=Ma
thScriptScript}},BoldFont={latinmodern-math.otf},ScaleAgain=1.0001,FontAdjustme
nt={\fontdimen
(fontspec)             8\font =8.124pt\relax \fontdimen 9\font =4.728pt\relax
(fontspec)             \fontdimen 10\font =5.328pt\relax \fontdimen 11\font
(fontspec)             =8.232pt\relax \fontdimen 12\font =4.14pt\relax
(fontspec)             \fontdimen 13\font =4.356pt\relax \fontdimen 14\font
(fontspec)             =4.356pt\relax \fontdimen 15\font =3.468pt\relax
(fontspec)             \fontdimen 16\font =2.964pt\relax \fontdimen 17\font
(fontspec)             =2.964pt\relax \fontdimen 18\font =3.0pt\relax
(fontspec)             \fontdimen 19\font =2.4pt\relax \fontdimen 22\font
(fontspec)             =3.0pt\relax \fontdimen 20\font =0pt\relax \fontdimen
(fontspec)             21\font =0pt\relax }].
(fontspec)              
(fontspec)              This font family consists of the following NFSS
(fontspec)             series/shapes:
(fontspec)              
(fontspec)             - 'normal' (m/n) with NFSS spec.:
(fontspec)             <10.2->s*[1.000097049443433]"[latinmodern-math.otf]/OT:s
cript=math;language=dflt;"<7.2-10.2>s*[1.000097049443433]"[latinmodern-math.otf
]/OT:script=math;language=dflt;+ssty=0;"<-7.2>s*[1.000097049443433]"[latinmoder
n-math.otf]/OT:script=math;language=dflt;+ssty=1;"
(fontspec)             - 'small caps'  (m/sc) with NFSS spec.: 
(fontspec)             and font adjustment code:
(fontspec)             \fontdimen 8\font =8.124pt\relax \fontdimen 9\font
(fontspec)             =4.728pt\relax \fontdimen 10\font =5.328pt\relax
(fontspec)             \fontdimen 11\font =8.232pt\relax \fontdimen 12\font
(fontspec)             =4.14pt\relax \fontdimen 13\font =4.356pt\relax
(fontspec)             \fontdimen 14\font =4.356pt\relax \fontdimen 15\font
(fontspec)             =3.468pt\relax \fontdimen 16\font =2.964pt\relax
(fontspec)             \fontdimen 17\font =2.964pt\relax \fontdimen 18\font
(fontspec)             =3.0pt\relax \fontdimen 19\font =2.4pt\relax \fontdimen
(fontspec)             22\font =3.0pt\relax \fontdimen 20\font =0pt\relax
(fontspec)             \fontdimen 21\font =0pt\relax 
(fontspec)             - 'bold' (b/n) with NFSS spec.:
(fontspec)             <->s*[1.000097049443433]"[latinmodern-math.otf]/OT:scrip
t=math;language=dflt;"
(fontspec)             - 'bold small caps'  (b/sc) with NFSS spec.: 
(fontspec)             and font adjustment code:
(fontspec)             \fontdimen 8\font =8.124pt\relax \fontdimen 9\font
(fontspec)             =4.728pt\relax \fontdimen 10\font =5.328pt\relax
(fontspec)             \fontdimen 11\font =8.232pt\relax \fontdimen 12\font
(fontspec)             =4.14pt\relax \fontdimen 13\font =4.356pt\relax
(fontspec)             \fontdimen 14\font =4.356pt\relax \fontdimen 15\font
(fontspec)             =3.468pt\relax \fontdimen 16\font =2.964pt\relax
(fontspec)             \fontdimen 17\font =2.964pt\relax \fontdimen 18\font
(fontspec)             =3.0pt\relax \fontdimen 19\font =2.4pt\relax \fontdimen
(fontspec)             22\font =3.0pt\relax \fontdimen 20\font =0pt\relax
(fontspec)             \fontdimen 21\font =0pt\relax 

LaTeX Font Info:    Encoding `OMS' has changed to `TU' for symbol font
(Font)              `symbols' in the math version `normal' on input line 96.
LaTeX Font Info:    Overwriting symbol font `symbols' in version `normal'
(Font)                  OMS/lmsy/m/n --> TU/latinmodern-math.otf(2)/m/n on inpu
t line 96.
LaTeX Font Info:    Encoding `OMS' has changed to `TU' for symbol font
(Font)              `symbols' in the math version `bold' on input line 96.
LaTeX Font Info:    Overwriting symbol font `symbols' in version `bold'
(Font)                  OMS/lmsy/b/n --> TU/latinmodern-math.otf(2)/b/n on inpu
t line 96.

Package fontspec Info: latinmodern-math scale = 0.9999970497384594.


Package fontspec Info: latinmodern-math scale = 0.9998970500334856.


Package fontspec Info: latinmodern-math scale = 0.9999970497384594.


Package fontspec Info: latinmodern-math scale = 0.9998970500334856.


Package fontspec Info: latinmodern-math scale = 0.9999970497384594.


Package fontspec Info: latinmodern-math scale = 0.9998970500334856.


Package fontspec Info: latinmodern-math scale = 0.9999970497384594.


Package fontspec Info: latinmodern-math scale = 0.9998970500334856.


Package fontspec Info: latinmodern-math scale = 0.9999970497384594.


Package fontspec Info: latinmodern-math scale = 0.9998970500334856.


Package fontspec Info: Font family 'latinmodern-math.otf(3)' created for font
(fontspec)             'latinmodern-math.otf' with options
(fontspec)             [Scale=MatchLowercase,BoldItalicFont={},ItalicFont={},Sm
allCapsFont={},Script=Math,SizeFeatures={{Size=10.2-},{Size=7.2-10.2,Font=latin
modern-math.otf,Style=MathScript},{Size=-7.2,Font=latinmodern-math.otf,Style=Ma
thScriptScript}},BoldFont={latinmodern-math.otf},ScaleAgain=0.9999,FontAdjustme
nt={\fontdimen
(fontspec)             8\font =0.48pt\relax \fontdimen 9\font =2.4pt\relax
(fontspec)             \fontdimen 10\font =2.004pt\relax \fontdimen 11\font
(fontspec)             =1.332pt\relax \fontdimen 12\font =7.2pt\relax
(fontspec)             \fontdimen 13\font =0pt\relax }].
(fontspec)              
(fontspec)              This font family consists of the following NFSS
(fontspec)             series/shapes:
(fontspec)              
(fontspec)             - 'normal' (m/n) with NFSS spec.:
(fontspec)             <10.2->s*[0.9998970500334856]"[latinmodern-math.otf]/OT:
script=math;language=dflt;"<7.2-10.2>s*[0.9998970500334856]"[latinmodern-math.o
tf]/OT:script=math;language=dflt;+ssty=0;"<-7.2>s*[0.9998970500334856]"[latinmo
dern-math.otf]/OT:script=math;language=dflt;+ssty=1;"
(fontspec)             - 'small caps'  (m/sc) with NFSS spec.: 
(fontspec)             and font adjustment code:
(fontspec)             \fontdimen 8\font =0.48pt\relax \fontdimen 9\font
(fontspec)             =2.4pt\relax \fontdimen 10\font =2.004pt\relax
(fontspec)             \fontdimen 11\font =1.332pt\relax \fontdimen 12\font
(fontspec)             =7.2pt\relax \fontdimen 13\font =0pt\relax 
(fontspec)             - 'bold' (b/n) with NFSS spec.:
(fontspec)             <->s*[0.9998970500334856]"[latinmodern-math.otf]/OT:scri
pt=math;language=dflt;"
(fontspec)             - 'bold small caps'  (b/sc) with NFSS spec.: 
(fontspec)             and font adjustment code:
(fontspec)             \fontdimen 8\font =0.48pt\relax \fontdimen 9\font
(fontspec)             =2.4pt\relax \fontdimen 10\font =2.004pt\relax
(fontspec)             \fontdimen 11\font =1.332pt\relax \fontdimen 12\font
(fontspec)             =7.2pt\relax \fontdimen 13\font =0pt\relax 

LaTeX Font Info:    Encoding `OMX' has changed to `TU' for symbol font
(Font)              `largesymbols' in the math version `normal' on input line 9
6.
LaTeX Font Info:    Overwriting symbol font `largesymbols' in version `normal'
(Font)                  OMX/lmex/m/n --> TU/latinmodern-math.otf(3)/m/n on inpu
t line 96.
LaTeX Font Info:    Encoding `OMX' has changed to `TU' for symbol font
(Font)              `largesymbols' in the math version `bold' on input line 96.

LaTeX Font Info:    Overwriting symbol font `largesymbols' in version `bold'
(Font)                  OMX/lmex/m/n --> TU/latinmodern-math.otf(3)/b/n on inpu
t line 96.
\AtBeginShipoutBox=\box68
Package hyperref Info: Link coloring OFF on input line 96.
(/usr/local/texlive/texmf-dist/tex/latex/hyperref/nameref.sty
Package: nameref 2019/09/16 v2.46 Cross-referencing by name of section
(/usr/local/texlive/texmf-dist/tex/latex/refcount/refcount.sty
Package: refcount 2019/12/15 v3.6 Data extraction from label references (HO)
) (/usr/local/texlive/texmf-dist/tex/generic/gettitlestring/gettitlestring.sty
Package: gettitlestring 2019/12/15 v1.6 Cleanup title references (HO)
)
\c@section@level=\count442
)
LaTeX Info: Redefining \ref on input line 96.
LaTeX Info: Redefining \pageref on input line 96.
LaTeX Info: Redefining \nameref on input line 96.
(./yousif-LJC.out) (./yousif-LJC.out)
\@outlinefile=\write4
\openout4 = `yousif-LJC.out'.

Package biblatex Info: Trying to load language 'english' -> 'english-apa'...
Package biblatex Info: ... file 'english-apa.lbx' found.
(/usr/local/texlive/texmf-dist/tex/latex/biblatex-apa/english-apa.lbx
File: english-apa.lbx 2020/05/30 v9.13 APA biblatex localisation
Package biblatex Info: Trying to load language 'english'...
Package biblatex Info: ... file 'english.lbx' found.
(/usr/local/texlive/texmf-dist/tex/latex/biblatex/lbx/english.lbx
File: english.lbx 2019/12/01 v3.14 biblatex localization (PK/MW)
)
Package biblatex Info: Trying to load language 'american' -> 'american-apa'...
Package biblatex Info: ... file 'american-apa.lbx' found.
(/usr/local/texlive/texmf-dist/tex/latex/biblatex-apa/american-apa.lbx
File: american-apa.lbx 2020/05/30 v9.13 APA biblatex localisation
Package biblatex Info: Trying to load language 'american'...
Package biblatex Info: ... file 'american.lbx' found.
(/usr/local/texlive/texmf-dist/tex/latex/biblatex/lbx/american.lbx
File: american.lbx 2019/12/01 v3.14 biblatex localization (PK/MW)
Package biblatex Info: Trying to load language 'english'...
Package biblatex Info: ... file 'english.lbx' found.
(/usr/local/texlive/texmf-dist/tex/latex/biblatex/lbx/english.lbx
File: english.lbx 2019/12/01 v3.14 biblatex localization (PK/MW)
))))
Package biblatex Info: XeTeX detected.
(biblatex)             Assuming input encoding 'utf8'.
Package biblatex Info: Automatic encoding selection.
(biblatex)             Assuming data encoding 'utf8'.
\openout3 = `yousif-LJC.bcf'.

Package biblatex Info: Trying to load bibliographic data...
Package biblatex Info: ... file 'yousif-LJC.bbl' found.
(./yousif-LJC.bbl)
Package biblatex Info: Reference section=0 on input line 96.
Package biblatex Info: Reference segment=0 on input line 96.
LaTeX Font Info:    Font shape `TU/latinmodern-math.otf(1)/m/n' will be
(Font)              scaled to size 14.4pt on input line 98.
LaTeX Font Info:    Font shape `TU/latinmodern-math.otf(1)/m/n' will be
(Font)              scaled to size 10.0pt on input line 98.
LaTeX Font Info:    Font shape `TU/latinmodern-math.otf(1)/m/n' will be
(Font)              scaled to size 7.0pt on input line 98.
LaTeX Font Info:    Trying to load font information for OML+lmm on input line 9
8.
(/usr/local/texlive/texmf-dist/tex/latex/lm/omllmm.fd
File: omllmm.fd 2009/10/30 v1.6 Font defs for Latin Modern
)
LaTeX Font Info:    Font shape `TU/latinmodern-math.otf(2)/m/n' will be
(Font)              scaled to size 14.4013pt on input line 98.
LaTeX Font Info:    Font shape `TU/latinmodern-math.otf(2)/m/n' will be
(Font)              scaled to size 10.00092pt on input line 98.
LaTeX Font Info:    Font shape `TU/latinmodern-math.otf(2)/m/n' will be
(Font)              scaled to size 7.00064pt on input line 98.
LaTeX Font Info:    Font shape `TU/latinmodern-math.otf(3)/m/n' will be
(Font)              scaled to size 14.39845pt on input line 98.
LaTeX Font Info:    Font shape `TU/latinmodern-math.otf(3)/m/n' will be
(Font)              scaled to size 9.99893pt on input line 98.
LaTeX Font Info:    Font shape `TU/latinmodern-math.otf(3)/m/n' will be
(Font)              scaled to size 6.99925pt on input line 98.
LaTeX Font Info:    Trying to load font information for U+msa on input line 98.

(/usr/local/texlive/texmf-dist/tex/latex/amsfonts/umsa.fd
File: umsa.fd 2013/01/14 v3.01 AMS symbols A
)
LaTeX Font Info:    Trying to load font information for U+msb on input line 98.

(/usr/local/texlive/texmf-dist/tex/latex/amsfonts/umsb.fd
File: umsb.fd 2013/01/14 v3.01 AMS symbols B
) (./yousif-LJC.toc
LaTeX Font Info:    Font shape `TU/latinmodern-math.otf(1)/m/n' will be
(Font)              scaled to size 8.4pt on input line 5.
LaTeX Font Info:    Font shape `TU/latinmodern-math.otf(1)/m/n' will be
(Font)              scaled to size 6.0pt on input line 5.
LaTeX Font Info:    Font shape `TU/latinmodern-math.otf(2)/m/n' will be
(Font)              scaled to size 12.0011pt on input line 5.
LaTeX Font Info:    Font shape `TU/latinmodern-math.otf(2)/m/n' will be
(Font)              scaled to size 8.40076pt on input line 5.
LaTeX Font Info:    Font shape `TU/latinmodern-math.otf(2)/m/n' will be
(Font)              scaled to size 6.00055pt on input line 5.
LaTeX Font Info:    Font shape `TU/latinmodern-math.otf(3)/m/n' will be
(Font)              scaled to size 11.99872pt on input line 5.
LaTeX Font Info:    Font shape `TU/latinmodern-math.otf(3)/m/n' will be
(Font)              scaled to size 8.3991pt on input line 5.
LaTeX Font Info:    Font shape `TU/latinmodern-math.otf(3)/m/n' will be
(Font)              scaled to size 5.99936pt on input line 5.
LaTeX Font Info:    Font shape `TU/lmtt/bx/n' in size <12> not available
(Font)              Font shape `TU/lmtt/b/n' tried instead on input line 9.
)
\tf@toc=\write5
\openout5 = `yousif-LJC.toc'.

[1

]
LaTeX Font Info:    Font shape `TU/lmtt/bx/n' in size <17.28> not available
(Font)              Font shape `TU/lmtt/b/n' tried instead on input line 173.
[2] [3] [4]
Package atveryend Info: Empty hook `BeforeClearDocument' on input line 180.
[5]
Package atveryend Info: Empty hook `AfterLastShipout' on input line 180.
(./yousif-LJC.aux)
Package atveryend Info: Empty hook `AtVeryEndDocument' on input line 180.
Package atveryend Info: Executing hook `AtEndAfterFileList' on input line 180.
Package rerunfilecheck Info: File `yousif-LJC.out' has not changed.
(rerunfilecheck)             Checksum: 2F7246B55068A53C590DF8D4CE35B46C;528.

LaTeX Warning: There were undefined references.


Package biblatex Warning: Please rerun LaTeX.
(biblatex)                Page breaks have changed.

Package logreq Info: Writing requests to 'yousif-LJC.run.xml'.
\openout1 = `yousif-LJC.run.xml'.

 ) 
Here is how much of TeX's memory you used:
 25372 strings out of 481269
 459767 string characters out of 5924892
 1374835 words of memory out of 5000000
 42564 multiletter control sequences out of 15000+600000
 538873 words of font info for 76 fonts, out of 8000000 for 9000
 14 hyphenation exceptions out of 8191
 53i,10n,118p,962b,4839s stack positions out of 5000i,500n,10000p,200000b,80000s

Output written on yousif-LJC.pdf (5 pages).
